{"C:\\Users\\GIGABYTE\\todo_app\\frontend\\src\\App.tsx": {"path":"C:\\Users\\GIGABYTE\\todo_app\\frontend\\src\\App.tsx","statementMap":{"0":{"start":{"line":25,"column":22},"end":{"line":162,"column":1}},"1":{"start":{"line":26,"column":48},"end":{"line":26,"column":63}},"2":{"start":{"line":27,"column":34},"end":{"line":27,"column":63}},"3":{"start":{"line":28,"column":34},"end":{"line":28,"column":68}},"4":{"start":{"line":29,"column":91},"end":{"line":29,"column":101}},"5":{"start":{"line":30,"column":44},"end":{"line":30,"column":56}},"6":{"start":{"line":31,"column":40},"end":{"line":31,"column":52}},"7":{"start":{"line":32,"column":50},"end":{"line":32,"column":65}},"8":{"start":{"line":35,"column":2},"end":{"line":47,"column":24}},"9":{"start":{"line":36,"column":4},"end":{"line":46,"column":5}},"10":{"start":{"line":37,"column":6},"end":{"line":45,"column":11}},"11":{"start":{"line":40,"column":10},"end":{"line":40,"column":51}},"12":{"start":{"line":41,"column":10},"end":{"line":41,"column":78}},"13":{"start":{"line":44,"column":10},"end":{"line":44,"column":60}},"14":{"start":{"line":49,"column":25},"end":{"line":51,"column":3}},"15":{"start":{"line":50,"column":4},"end":{"line":50,"column":37}},"16":{"start":{"line":53,"column":26},"end":{"line":55,"column":3}},"17":{"start":{"line":54,"column":4},"end":{"line":54,"column":22}},"18":{"start":{"line":57,"column":23},"end":{"line":63,"column":3}},"19":{"start":{"line":58,"column":4},"end":{"line":58,"column":41}},"20":{"start":{"line":59,"column":4},"end":{"line":59,"column":30}},"21":{"start":{"line":60,"column":4},"end":{"line":60,"column":22}},"22":{"start":{"line":61,"column":4},"end":{"line":61,"column":22}},"23":{"start":{"line":62,"column":4},"end":{"line":62,"column":19}},"24":{"start":{"line":65,"column":22},"end":{"line":68,"column":3}},"25":{"start":{"line":66,"column":4},"end":{"line":66,"column":19}},"26":{"start":{"line":67,"column":4},"end":{"line":67,"column":29}},"27":{"start":{"line":70,"column":2},"end":{"line":80,"column":3}},"28":{"start":{"line":71,"column":4},"end":{"line":79,"column":6}},"29":{"start":{"line":82,"column":2},"end":{"line":161,"column":4}},"30":{"start":{"line":131,"column":43},"end":{"line":135,"column":11}},"31":{"start":{"line":147,"column":46},"end":{"line":147,"column":69}},"32":{"start":{"line":148,"column":46},"end":{"line":148,"column":67}},"33":{"start":{"line":149,"column":46},"end":{"line":149,"column":69}}},"fnMap":{"0":{"name":"(anonymous_0)","decl":{"start":{"line":25,"column":22},"end":{"line":25,"column":23}},"loc":{"start":{"line":25,"column":28},"end":{"line":162,"column":1}},"line":25},"1":{"name":"(anonymous_1)","decl":{"start":{"line":35,"column":12},"end":{"line":35,"column":13}},"loc":{"start":{"line":35,"column":18},"end":{"line":47,"column":3}},"line":35},"2":{"name":"(anonymous_2)","decl":{"start":{"line":39,"column":14},"end":{"line":39,"column":15}},"loc":{"start":{"line":39,"column":28},"end":{"line":42,"column":9}},"line":39},"3":{"name":"(anonymous_3)","decl":{"start":{"line":43,"column":15},"end":{"line":43,"column":16}},"loc":{"start":{"line":43,"column":26},"end":{"line":45,"column":9}},"line":43},"4":{"name":"(anonymous_4)","decl":{"start":{"line":49,"column":25},"end":{"line":49,"column":26}},"loc":{"start":{"line":49,"column":67},"end":{"line":51,"column":3}},"line":49},"5":{"name":"(anonymous_5)","decl":{"start":{"line":53,"column":26},"end":{"line":53,"column":27}},"loc":{"start":{"line":53,"column":32},"end":{"line":55,"column":3}},"line":53},"6":{"name":"(anonymous_6)","decl":{"start":{"line":57,"column":23},"end":{"line":57,"column":24}},"loc":{"start":{"line":57,"column":35},"end":{"line":63,"column":3}},"line":57},"7":{"name":"(anonymous_7)","decl":{"start":{"line":65,"column":22},"end":{"line":65,"column":23}},"loc":{"start":{"line":65,"column":28},"end":{"line":68,"column":3}},"line":65},"8":{"name":"(anonymous_8)","decl":{"start":{"line":75,"column":59},"end":{"line":75,"column":60}},"loc":{"start":{"line":75,"column":65},"end":{"line":75,"column":67}},"line":75},"9":{"name":"(anonymous_9)","decl":{"start":{"line":131,"column":24},"end":{"line":131,"column":25}},"loc":{"start":{"line":131,"column":41},"end":{"line":135,"column":13}},"line":131},"10":{"name":"(anonymous_10)","decl":{"start":{"line":147,"column":22},"end":{"line":147,"column":23}},"loc":{"start":{"line":147,"column":44},"end":{"line":147,"column":71}},"line":147},"11":{"name":"(anonymous_11)","decl":{"start":{"line":148,"column":22},"end":{"line":148,"column":23}},"loc":{"start":{"line":148,"column":44},"end":{"line":148,"column":69}},"line":148},"12":{"name":"(anonymous_12)","decl":{"start":{"line":149,"column":22},"end":{"line":149,"column":23}},"loc":{"start":{"line":149,"column":44},"end":{"line":149,"column":71}},"line":149}},"branchMap":{"0":{"loc":{"start":{"line":36,"column":4},"end":{"line":46,"column":5}},"type":"if","locations":[{"start":{"line":36,"column":4},"end":{"line":46,"column":5}},{"start":{},"end":{}}],"line":36},"1":{"loc":{"start":{"line":70,"column":2},"end":{"line":80,"column":3}},"type":"if","locations":[{"start":{"line":70,"column":2},"end":{"line":80,"column":3}},{"start":{},"end":{}}],"line":70},"2":{"loc":{"start":{"line":136,"column":9},"end":{"line":158,"column":9}},"type":"cond-expr","locations":[{"start":{"line":137,"column":10},"end":{"line":139,"column":16}},{"start":{"line":140,"column":12},"end":{"line":158,"column":9}}],"line":136},"3":{"loc":{"start":{"line":140,"column":12},"end":{"line":158,"column":9}},"type":"cond-expr","locations":[{"start":{"line":141,"column":10},"end":{"line":143,"column":18}},{"start":{"line":145,"column":10},"end":{"line":157,"column":12}}],"line":140},"4":{"loc":{"start":{"line":146,"column":19},"end":{"line":146,"column":30}},"type":"binary-expr","locations":[{"start":{"line":146,"column":19},"end":{"line":146,"column":24}},{"start":{"line":146,"column":28},"end":{"line":146,"column":30}}],"line":146}},"s":{"0":1,"1":33,"2":33,"3":33,"4":33,"5":33,"6":33,"7":33,"8":33,"9":22,"10":8,"11":7,"12":7,"13":1,"14":33,"15":2,"16":33,"17":1,"18":33,"19":1,"20":1,"21":1,"22":1,"23":1,"24":33,"25":8,"26":8,"27":33,"28":14,"29":19,"30":0,"31":0,"32":0,"33":0},"f":{"0":33,"1":22,"2":7,"3":1,"4":2,"5":1,"6":1,"7":8,"8":0,"9":0,"10":0,"11":0,"12":0},"b":{"0":[8,14],"1":[14,19],"2":[4,15],"3":[12,3],"4":[3,0]},"_coverageSchema":"1a1c01bbd47fc00a2c39e90264f33305004495a9","hash":"25bba42361b15a74525fdbbf161f4497f8a3616f"}
,"C:\\Users\\GIGABYTE\\todo_app\\frontend\\src\\components\\AddTask.tsx": {"path":"C:\\Users\\GIGABYTE\\todo_app\\frontend\\src\\components\\AddTask.tsx","statementMap":{"0":{"start":{"line":20,"column":40},"end":{"line":120,"column":1}},"1":{"start":{"line":21,"column":36},"end":{"line":21,"column":48}},"2":{"start":{"line":22,"column":34},"end":{"line":22,"column":87}},"3":{"start":{"line":22,"column":49},"end":{"line":22,"column":86}},"4":{"start":{"line":23,"column":22},"end":{"line":23,"column":38}},"5":{"start":{"line":25,"column":19},"end":{"line":36,"column":4}},"6":{"start":{"line":27,"column":21},"end":{"line":27,"column":43}},"7":{"start":{"line":28,"column":6},"end":{"line":28,"column":20}},"8":{"start":{"line":31,"column":6},"end":{"line":31,"column":61}},"9":{"start":{"line":32,"column":6},"end":{"line":32,"column":23}},"10":{"start":{"line":33,"column":6},"end":{"line":33,"column":57}},"11":{"start":{"line":38,"column":23},"end":{"line":47,"column":3}},"12":{"start":{"line":39,"column":4},"end":{"line":39,"column":23}},"13":{"start":{"line":40,"column":4},"end":{"line":40,"column":34}},"14":{"start":{"line":40,"column":27},"end":{"line":40,"column":34}},"15":{"start":{"line":41,"column":4},"end":{"line":46,"column":7}},"16":{"start":{"line":49,"column":21},"end":{"line":49,"column":73}},"17":{"start":{"line":51,"column":2},"end":{"line":119,"column":4}},"18":{"start":{"line":72,"column":27},"end":{"line":72,"column":55}},"19":{"start":{"line":91,"column":27},"end":{"line":91,"column":54}}},"fnMap":{"0":{"name":"(anonymous_0)","decl":{"start":{"line":20,"column":40},"end":{"line":20,"column":41}},"loc":{"start":{"line":20,"column":55},"end":{"line":120,"column":1}},"line":20},"1":{"name":"(anonymous_1)","decl":{"start":{"line":22,"column":43},"end":{"line":22,"column":44}},"loc":{"start":{"line":22,"column":49},"end":{"line":22,"column":86}},"line":22},"2":{"name":"(anonymous_2)","decl":{"start":{"line":26,"column":16},"end":{"line":26,"column":17}},"loc":{"start":{"line":26,"column":53},"end":{"line":29,"column":5}},"line":26},"3":{"name":"(anonymous_3)","decl":{"start":{"line":30,"column":15},"end":{"line":30,"column":16}},"loc":{"start":{"line":30,"column":21},"end":{"line":35,"column":5}},"line":30},"4":{"name":"(anonymous_4)","decl":{"start":{"line":38,"column":23},"end":{"line":38,"column":24}},"loc":{"start":{"line":38,"column":47},"end":{"line":47,"column":3}},"line":38},"5":{"name":"(anonymous_5)","decl":{"start":{"line":72,"column":20},"end":{"line":72,"column":21}},"loc":{"start":{"line":72,"column":27},"end":{"line":72,"column":55}},"line":72},"6":{"name":"(anonymous_6)","decl":{"start":{"line":91,"column":20},"end":{"line":91,"column":21}},"loc":{"start":{"line":91,"column":27},"end":{"line":91,"column":54}},"line":91}},"branchMap":{"0":{"loc":{"start":{"line":40,"column":4},"end":{"line":40,"column":34}},"type":"if","locations":[{"start":{"line":40,"column":4},"end":{"line":40,"column":34}},{"start":{},"end":{}}],"line":40},"1":{"loc":{"start":{"line":49,"column":21},"end":{"line":49,"column":73}},"type":"binary-expr","locations":[{"start":{"line":49,"column":21},"end":{"line":49,"column":38}},{"start":{"line":49,"column":42},"end":{"line":49,"column":51}},{"start":{"line":49,"column":55},"end":{"line":49,"column":73}}],"line":49},"2":{"loc":{"start":{"line":105,"column":11},"end":{"line":109,"column":11}},"type":"cond-expr","locations":[{"start":{"line":106,"column":12},"end":{"line":106,"column":58}},{"start":{"line":108,"column":12},"end":{"line":108,"column":17}}],"line":105},"3":{"loc":{"start":{"line":113,"column":7},"end":{"line":117,"column":7}},"type":"binary-expr","locations":[{"start":{"line":113,"column":7},"end":{"line":113,"column":23}},{"start":{"line":114,"column":8},"end":{"line":116,"column":21}}],"line":113}},"s":{"0":2,"1":40,"2":40,"3":16,"4":40,"5":40,"6":3,"7":2,"8":2,"9":2,"10":2,"11":40,"12":3,"13":3,"14":0,"15":3,"16":40,"17":40,"18":6,"19":4},"f":{"0":40,"1":16,"2":3,"3":2,"4":3,"5":6,"6":4},"b":{"0":[0,3],"1":[40,10,9],"2":[0,40],"3":[40,1]},"_coverageSchema":"1a1c01bbd47fc00a2c39e90264f33305004495a9","hash":"6cdeaaf39f9373773100bd28a59f578c21b10301"}
,"C:\\Users\\GIGABYTE\\todo_app\\frontend\\src\\components\\Login.tsx": {"path":"C:\\Users\\GIGABYTE\\todo_app\\frontend\\src\\components\\Login.tsx","statementMap":{"0":{"start":{"line":20,"column":49},"end":{"line":131,"column":1}},"1":{"start":{"line":21,"column":26},"end":{"line":24,"column":4}},"2":{"start":{"line":25,"column":42},"end":{"line":25,"column":57}},"3":{"start":{"line":26,"column":28},"end":{"line":26,"column":40}},"4":{"start":{"line":27,"column":19},"end":{"line":27,"column":32}},"5":{"start":{"line":29,"column":23},"end":{"line":31,"column":3}},"6":{"start":{"line":30,"column":4},"end":{"line":30,"column":58}},"7":{"start":{"line":33,"column":23},"end":{"line":42,"column":3}},"8":{"start":{"line":34,"column":4},"end":{"line":34,"column":23}},"9":{"start":{"line":35,"column":4},"end":{"line":35,"column":17}},"10":{"start":{"line":36,"column":4},"end":{"line":41,"column":5}},"11":{"start":{"line":37,"column":6},"end":{"line":37,"column":45}},"12":{"start":{"line":38,"column":6},"end":{"line":38,"column":16}},"13":{"start":{"line":40,"column":6},"end":{"line":40,"column":38}},"14":{"start":{"line":44,"column":2},"end":{"line":130,"column":4}},"15":{"start":{"line":92,"column":37},"end":{"line":92,"column":69}},"16":{"start":{"line":92,"column":63},"end":{"line":92,"column":68}}},"fnMap":{"0":{"name":"(anonymous_0)","decl":{"start":{"line":20,"column":49},"end":{"line":20,"column":50}},"loc":{"start":{"line":20,"column":66},"end":{"line":131,"column":1}},"line":20},"1":{"name":"(anonymous_1)","decl":{"start":{"line":29,"column":23},"end":{"line":29,"column":24}},"loc":{"start":{"line":29,"column":67},"end":{"line":31,"column":3}},"line":29},"2":{"name":"(anonymous_2)","decl":{"start":{"line":33,"column":23},"end":{"line":33,"column":24}},"loc":{"start":{"line":33,"column":53},"end":{"line":42,"column":3}},"line":33},"3":{"name":"(anonymous_3)","decl":{"start":{"line":92,"column":31},"end":{"line":92,"column":32}},"loc":{"start":{"line":92,"column":37},"end":{"line":92,"column":69}},"line":92},"4":{"name":"(anonymous_4)","decl":{"start":{"line":92,"column":53},"end":{"line":92,"column":54}},"loc":{"start":{"line":92,"column":63},"end":{"line":92,"column":68}},"line":92}},"branchMap":{"0":{"loc":{"start":{"line":81,"column":20},"end":{"line":81,"column":54}},"type":"cond-expr","locations":[{"start":{"line":81,"column":35},"end":{"line":81,"column":41}},{"start":{"line":81,"column":44},"end":{"line":81,"column":54}}],"line":81},"1":{"loc":{"start":{"line":96,"column":23},"end":{"line":96,"column":72}},"type":"cond-expr","locations":[{"start":{"line":96,"column":38},"end":{"line":96,"column":55}},{"start":{"line":96,"column":58},"end":{"line":96,"column":72}}],"line":96},"2":{"loc":{"start":{"line":102,"column":13},"end":{"line":102,"column":61}},"type":"binary-expr","locations":[{"start":{"line":102,"column":13},"end":{"line":102,"column":18}},{"start":{"line":102,"column":22},"end":{"line":102,"column":61}}],"line":102}},"s":{"0":1,"1":13,"2":13,"3":13,"4":13,"5":13,"6":4,"7":13,"8":2,"9":2,"10":2,"11":2,"12":1,"13":1,"14":13,"15":2,"16":2},"f":{"0":13,"1":4,"2":2,"3":2,"4":2},"b":{"0":[1,12],"1":[1,12],"2":[13,2]},"_coverageSchema":"1a1c01bbd47fc00a2c39e90264f33305004495a9","hash":"9d074d5ba3ec43bad4e9ccbdf61630fd1ee9e4ef"}
,"C:\\Users\\GIGABYTE\\todo_app\\frontend\\src\\components\\TaskList.tsx": {"path":"C:\\Users\\GIGABYTE\\todo_app\\frontend\\src\\components\\TaskList.tsx","statementMap":{"0":{"start":{"line":44,"column":24},"end":{"line":379,"column":1}},"1":{"start":{"line":56,"column":40},"end":{"line":56,"column":67}},"2":{"start":{"line":57,"column":40},"end":{"line":57,"column":52}},"3":{"start":{"line":58,"column":42},"end":{"line":58,"column":57}},"4":{"start":{"line":61,"column":50},"end":{"line":61,"column":65}},"5":{"start":{"line":62,"column":42},"end":{"line":62,"column":71}},"6":{"start":{"line":64,"column":25},"end":{"line":64,"column":91}},"7":{"start":{"line":64,"column":59},"end":{"line":64,"column":65}},"8":{"start":{"line":65,"column":26},"end":{"line":67,"column":10}},"9":{"start":{"line":66,"column":27},"end":{"line":66,"column":55}},"10":{"start":{"line":69,"column":26},"end":{"line":72,"column":3}},"11":{"start":{"line":70,"column":4},"end":{"line":70,"column":25}},"12":{"start":{"line":71,"column":4},"end":{"line":71,"column":31}},"13":{"start":{"line":74,"column":25},"end":{"line":84,"column":3}},"14":{"start":{"line":75,"column":4},"end":{"line":83,"column":5}},"15":{"start":{"line":76,"column":6},"end":{"line":76,"column":28}},"16":{"start":{"line":77,"column":6},"end":{"line":82,"column":7}},"17":{"start":{"line":78,"column":8},"end":{"line":78,"column":63}},"18":{"start":{"line":79,"column":8},"end":{"line":79,"column":29}},"19":{"start":{"line":81,"column":8},"end":{"line":81,"column":31}},"20":{"start":{"line":86,"column":27},"end":{"line":88,"column":3}},"21":{"start":{"line":87,"column":4},"end":{"line":87,"column":25}},"22":{"start":{"line":91,"column":28},"end":{"line":94,"column":3}},"23":{"start":{"line":92,"column":4},"end":{"line":92,"column":24}},"24":{"start":{"line":93,"column":4},"end":{"line":93,"column":30}},"25":{"start":{"line":97,"column":30},"end":{"line":105,"column":3}},"26":{"start":{"line":98,"column":4},"end":{"line":104,"column":5}},"27":{"start":{"line":99,"column":6},"end":{"line":99,"column":28}},"28":{"start":{"line":100,"column":6},"end":{"line":100,"column":35}},"29":{"start":{"line":101,"column":6},"end":{"line":101,"column":29}},"30":{"start":{"line":102,"column":6},"end":{"line":102,"column":28}},"31":{"start":{"line":103,"column":6},"end":{"line":103,"column":33}},"32":{"start":{"line":108,"column":29},"end":{"line":111,"column":3}},"33":{"start":{"line":109,"column":4},"end":{"line":109,"column":26}},"34":{"start":{"line":110,"column":4},"end":{"line":110,"column":31}},"35":{"start":{"line":113,"column":31},"end":{"line":120,"column":3}},"36":{"start":{"line":114,"column":4},"end":{"line":114,"column":26}},"37":{"start":{"line":115,"column":4},"end":{"line":119,"column":5}},"38":{"start":{"line":116,"column":6},"end":{"line":116,"column":62}},"39":{"start":{"line":118,"column":6},"end":{"line":118,"column":29}},"40":{"start":{"line":123,"column":22},"end":{"line":123,"column":72}},"41":{"start":{"line":123,"column":48},"end":{"line":123,"column":71}},"42":{"start":{"line":126,"column":22},"end":{"line":126,"column":33}},"43":{"start":{"line":127,"column":2},"end":{"line":129,"column":3}},"44":{"start":{"line":128,"column":4},"end":{"line":128,"column":90}},"45":{"start":{"line":128,"column":46},"end":{"line":128,"column":88}},"46":{"start":{"line":130,"column":2},"end":{"line":132,"column":3}},"47":{"start":{"line":131,"column":4},"end":{"line":131,"column":70}},"48":{"start":{"line":131,"column":46},"end":{"line":131,"column":68}},"49":{"start":{"line":135,"column":2},"end":{"line":139,"column":3}},"50":{"start":{"line":136,"column":4},"end":{"line":136,"column":59}},"51":{"start":{"line":136,"column":46},"end":{"line":136,"column":57}},"52":{"start":{"line":137,"column":9},"end":{"line":139,"column":3}},"53":{"start":{"line":138,"column":4},"end":{"line":138,"column":60}},"54":{"start":{"line":138,"column":46},"end":{"line":138,"column":58}},"55":{"start":{"line":142,"column":24},"end":{"line":158,"column":3}},"56":{"start":{"line":143,"column":4},"end":{"line":143,"column":36}},"57":{"start":{"line":143,"column":29},"end":{"line":143,"column":36}},"58":{"start":{"line":144,"column":22},"end":{"line":144,"column":45}},"59":{"start":{"line":145,"column":22},"end":{"line":145,"column":62}},"60":{"start":{"line":146,"column":4},"end":{"line":146,"column":59}},"61":{"start":{"line":149,"column":4},"end":{"line":151,"column":5}},"62":{"start":{"line":149,"column":17},"end":{"line":149,"column":18}},"63":{"start":{"line":150,"column":6},"end":{"line":150,"column":32}},"64":{"start":{"line":154,"column":4},"end":{"line":154,"column":54}},"65":{"start":{"line":157,"column":4},"end":{"line":157,"column":25}},"66":{"start":{"line":161,"column":23},"end":{"line":161,"column":57}},"67":{"start":{"line":161,"column":45},"end":{"line":161,"column":56}},"68":{"start":{"line":162,"column":24},"end":{"line":162,"column":59}},"69":{"start":{"line":162,"column":46},"end":{"line":162,"column":58}},"70":{"start":{"line":164,"column":2},"end":{"line":172,"column":3}},"71":{"start":{"line":165,"column":4},"end":{"line":171,"column":6}},"72":{"start":{"line":174,"column":2},"end":{"line":378,"column":4}},"73":{"start":{"line":182,"column":12},"end":{"line":182,"column":45}},"74":{"start":{"line":183,"column":12},"end":{"line":183,"column":31}},"75":{"start":{"line":196,"column":12},"end":{"line":198,"column":21}},"76":{"start":{"line":205,"column":25},"end":{"line":205,"column":55}},"77":{"start":{"line":213,"column":28},"end":{"line":213,"column":66}},"78":{"start":{"line":215,"column":14},"end":{"line":217,"column":23}},"79":{"start":{"line":224,"column":25},"end":{"line":224,"column":60}},"80":{"start":{"line":247,"column":14},"end":{"line":352,"column":21}},"81":{"start":{"line":249,"column":18},"end":{"line":349,"column":30}},"82":{"start":{"line":251,"column":22},"end":{"line":347,"column":28}},"83":{"start":{"line":272,"column":88},"end":{"line":272,"column":109}},"84":{"start":{"line":277,"column":86},"end":{"line":277,"column":113}},"85":{"start":{"line":295,"column":44},"end":{"line":295,"column":70}},"86":{"start":{"line":306,"column":53},"end":{"line":306,"column":83}}},"fnMap":{"0":{"name":"(anonymous_0)","decl":{"start":{"line":44,"column":24},"end":{"line":44,"column":25}},"loc":{"start":{"line":55,"column":21},"end":{"line":379,"column":1}},"line":55},"1":{"name":"(anonymous_1)","decl":{"start":{"line":64,"column":54},"end":{"line":64,"column":55}},"loc":{"start":{"line":64,"column":59},"end":{"line":64,"column":65}},"line":64},"2":{"name":"(anonymous_2)","decl":{"start":{"line":66,"column":22},"end":{"line":66,"column":23}},"loc":{"start":{"line":66,"column":27},"end":{"line":66,"column":55}},"line":66},"3":{"name":"(anonymous_3)","decl":{"start":{"line":69,"column":26},"end":{"line":69,"column":27}},"loc":{"start":{"line":69,"column":42},"end":{"line":72,"column":3}},"line":69},"4":{"name":"(anonymous_4)","decl":{"start":{"line":74,"column":25},"end":{"line":74,"column":26}},"loc":{"start":{"line":74,"column":37},"end":{"line":84,"column":3}},"line":74},"5":{"name":"(anonymous_5)","decl":{"start":{"line":86,"column":27},"end":{"line":86,"column":28}},"loc":{"start":{"line":86,"column":33},"end":{"line":88,"column":3}},"line":86},"6":{"name":"(anonymous_6)","decl":{"start":{"line":91,"column":28},"end":{"line":91,"column":29}},"loc":{"start":{"line":91,"column":44},"end":{"line":94,"column":3}},"line":91},"7":{"name":"(anonymous_7)","decl":{"start":{"line":97,"column":30},"end":{"line":97,"column":31}},"loc":{"start":{"line":97,"column":42},"end":{"line":105,"column":3}},"line":97},"8":{"name":"(anonymous_8)","decl":{"start":{"line":108,"column":29},"end":{"line":108,"column":30}},"loc":{"start":{"line":108,"column":35},"end":{"line":111,"column":3}},"line":108},"9":{"name":"(anonymous_9)","decl":{"start":{"line":113,"column":31},"end":{"line":113,"column":32}},"loc":{"start":{"line":113,"column":53},"end":{"line":120,"column":3}},"line":113},"10":{"name":"(anonymous_10)","decl":{"start":{"line":123,"column":38},"end":{"line":123,"column":39}},"loc":{"start":{"line":123,"column":48},"end":{"line":123,"column":71}},"line":123},"11":{"name":"(anonymous_11)","decl":{"start":{"line":128,"column":41},"end":{"line":128,"column":42}},"loc":{"start":{"line":128,"column":46},"end":{"line":128,"column":88}},"line":128},"12":{"name":"(anonymous_12)","decl":{"start":{"line":131,"column":41},"end":{"line":131,"column":42}},"loc":{"start":{"line":131,"column":46},"end":{"line":131,"column":68}},"line":131},"13":{"name":"(anonymous_13)","decl":{"start":{"line":136,"column":41},"end":{"line":136,"column":42}},"loc":{"start":{"line":136,"column":46},"end":{"line":136,"column":57}},"line":136},"14":{"name":"(anonymous_14)","decl":{"start":{"line":138,"column":41},"end":{"line":138,"column":42}},"loc":{"start":{"line":138,"column":46},"end":{"line":138,"column":58}},"line":138},"15":{"name":"(anonymous_15)","decl":{"start":{"line":142,"column":24},"end":{"line":142,"column":25}},"loc":{"start":{"line":142,"column":54},"end":{"line":158,"column":3}},"line":142},"16":{"name":"(anonymous_16)","decl":{"start":{"line":161,"column":40},"end":{"line":161,"column":41}},"loc":{"start":{"line":161,"column":45},"end":{"line":161,"column":56}},"line":161},"17":{"name":"(anonymous_17)","decl":{"start":{"line":162,"column":41},"end":{"line":162,"column":42}},"loc":{"start":{"line":162,"column":46},"end":{"line":162,"column":58}},"line":162},"18":{"name":"(anonymous_18)","decl":{"start":{"line":181,"column":20},"end":{"line":181,"column":21}},"loc":{"start":{"line":181,"column":25},"end":{"line":184,"column":11}},"line":181},"19":{"name":"(anonymous_19)","decl":{"start":{"line":195,"column":31},"end":{"line":195,"column":32}},"loc":{"start":{"line":196,"column":12},"end":{"line":198,"column":21}},"line":196},"20":{"name":"(anonymous_20)","decl":{"start":{"line":205,"column":20},"end":{"line":205,"column":21}},"loc":{"start":{"line":205,"column":25},"end":{"line":205,"column":55}},"line":205},"21":{"name":"(anonymous_21)","decl":{"start":{"line":213,"column":20},"end":{"line":213,"column":21}},"loc":{"start":{"line":213,"column":28},"end":{"line":213,"column":66}},"line":213},"22":{"name":"(anonymous_22)","decl":{"start":{"line":214,"column":17},"end":{"line":214,"column":18}},"loc":{"start":{"line":215,"column":14},"end":{"line":217,"column":23}},"line":215},"23":{"name":"(anonymous_23)","decl":{"start":{"line":224,"column":20},"end":{"line":224,"column":21}},"loc":{"start":{"line":224,"column":25},"end":{"line":224,"column":60}},"line":224},"24":{"name":"(anonymous_24)","decl":{"start":{"line":246,"column":13},"end":{"line":246,"column":14}},"loc":{"start":{"line":247,"column":14},"end":{"line":352,"column":21}},"line":247},"25":{"name":"(anonymous_25)","decl":{"start":{"line":248,"column":35},"end":{"line":248,"column":36}},"loc":{"start":{"line":249,"column":18},"end":{"line":349,"column":30}},"line":249},"26":{"name":"(anonymous_26)","decl":{"start":{"line":250,"column":21},"end":{"line":250,"column":22}},"loc":{"start":{"line":251,"column":22},"end":{"line":347,"column":28}},"line":251},"27":{"name":"(anonymous_27)","decl":{"start":{"line":272,"column":82},"end":{"line":272,"column":83}},"loc":{"start":{"line":272,"column":88},"end":{"line":272,"column":109}},"line":272},"28":{"name":"(anonymous_28)","decl":{"start":{"line":277,"column":80},"end":{"line":277,"column":81}},"loc":{"start":{"line":277,"column":86},"end":{"line":277,"column":113}},"line":277},"29":{"name":"(anonymous_29)","decl":{"start":{"line":295,"column":38},"end":{"line":295,"column":39}},"loc":{"start":{"line":295,"column":44},"end":{"line":295,"column":70}},"line":295},"30":{"name":"(anonymous_30)","decl":{"start":{"line":306,"column":46},"end":{"line":306,"column":47}},"loc":{"start":{"line":306,"column":53},"end":{"line":306,"column":83}},"line":306}},"branchMap":{"0":{"loc":{"start":{"line":66,"column":27},"end":{"line":66,"column":55}},"type":"binary-expr","locations":[{"start":{"line":66,"column":27},"end":{"line":66,"column":33}},{"start":{"line":66,"column":37},"end":{"line":66,"column":55}}],"line":66},"1":{"loc":{"start":{"line":75,"column":4},"end":{"line":83,"column":5}},"type":"if","locations":[{"start":{"line":75,"column":4},"end":{"line":83,"column":5}},{"start":{},"end":{}}],"line":75},"2":{"loc":{"start":{"line":98,"column":4},"end":{"line":104,"column":5}},"type":"if","locations":[{"start":{"line":98,"column":4},"end":{"line":104,"column":5}},{"start":{},"end":{}}],"line":98},"3":{"loc":{"start":{"line":127,"column":2},"end":{"line":129,"column":3}},"type":"if","locations":[{"start":{"line":127,"column":2},"end":{"line":129,"column":3}},{"start":{},"end":{}}],"line":127},"4":{"loc":{"start":{"line":128,"column":46},"end":{"line":128,"column":88}},"type":"binary-expr","locations":[{"start":{"line":128,"column":46},"end":{"line":128,"column":52}},{"start":{"line":128,"column":56},"end":{"line":128,"column":88}}],"line":128},"5":{"loc":{"start":{"line":130,"column":2},"end":{"line":132,"column":3}},"type":"if","locations":[{"start":{"line":130,"column":2},"end":{"line":132,"column":3}},{"start":{},"end":{}}],"line":130},"6":{"loc":{"start":{"line":135,"column":2},"end":{"line":139,"column":3}},"type":"if","locations":[{"start":{"line":135,"column":2},"end":{"line":139,"column":3}},{"start":{"line":137,"column":9},"end":{"line":139,"column":3}}],"line":135},"7":{"loc":{"start":{"line":137,"column":9},"end":{"line":139,"column":3}},"type":"if","locations":[{"start":{"line":137,"column":9},"end":{"line":139,"column":3}},{"start":{},"end":{}}],"line":137},"8":{"loc":{"start":{"line":143,"column":4},"end":{"line":143,"column":36}},"type":"if","locations":[{"start":{"line":143,"column":4},"end":{"line":143,"column":36}},{"start":{},"end":{}}],"line":143},"9":{"loc":{"start":{"line":164,"column":2},"end":{"line":172,"column":3}},"type":"if","locations":[{"start":{"line":164,"column":2},"end":{"line":172,"column":3}},{"start":{},"end":{}}],"line":164},"10":{"loc":{"start":{"line":213,"column":28},"end":{"line":213,"column":66}},"type":"binary-expr","locations":[{"start":{"line":213,"column":28},"end":{"line":213,"column":32}},{"start":{"line":213,"column":36},"end":{"line":213,"column":66}}],"line":213},"11":{"loc":{"start":{"line":258,"column":37},"end":{"line":258,"column":72}},"type":"cond-expr","locations":[{"start":{"line":258,"column":54},"end":{"line":258,"column":63}},{"start":{"line":258,"column":66},"end":{"line":258,"column":72}}],"line":258},"12":{"loc":{"start":{"line":265,"column":28},"end":{"line":282,"column":29}},"type":"cond-expr","locations":[{"start":{"line":265,"column":58},"end":{"line":265,"column":62}},{"start":{"line":266,"column":30},"end":{"line":281,"column":36}}],"line":265},"13":{"loc":{"start":{"line":297,"column":38},"end":{"line":297,"column":81}},"type":"binary-expr","locations":[{"start":{"line":297,"column":38},"end":{"line":297,"column":50}},{"start":{"line":297,"column":54},"end":{"line":297,"column":81}}],"line":297},"14":{"loc":{"start":{"line":299,"column":27},"end":{"line":344,"column":27}},"type":"cond-expr","locations":[{"start":{"line":300,"column":28},"end":{"line":329,"column":30}},{"start":{"line":331,"column":28},"end":{"line":343,"column":30}}],"line":299},"15":{"loc":{"start":{"line":314,"column":46},"end":{"line":314,"column":81}},"type":"binary-expr","locations":[{"start":{"line":314,"column":46},"end":{"line":314,"column":58}},{"start":{"line":314,"column":62},"end":{"line":314,"column":81}}],"line":314},"16":{"loc":{"start":{"line":335,"column":52},"end":{"line":335,"column":92}},"type":"cond-expr","locations":[{"start":{"line":335,"column":69},"end":{"line":335,"column":83}},{"start":{"line":335,"column":86},"end":{"line":335,"column":92}}],"line":335},"17":{"loc":{"start":{"line":336,"column":43},"end":{"line":336,"column":93}},"type":"cond-expr","locations":[{"start":{"line":336,"column":60},"end":{"line":336,"column":76}},{"start":{"line":336,"column":79},"end":{"line":336,"column":93}}],"line":336},"18":{"loc":{"start":{"line":346,"column":25},"end":{"line":346,"column":68}},"type":"binary-expr","locations":[{"start":{"line":346,"column":25},"end":{"line":346,"column":53}},{"start":{"line":346,"column":57},"end":{"line":346,"column":68}}],"line":346}},"s":{"0":2,"1":33,"2":33,"3":33,"4":33,"5":33,"6":33,"7":61,"8":33,"9":61,"10":33,"11":2,"12":2,"13":33,"14":1,"15":1,"16":1,"17":1,"18":1,"19":1,"20":33,"21":1,"22":33,"23":2,"24":2,"25":33,"26":1,"27":1,"28":1,"29":1,"30":1,"31":1,"32":33,"33":1,"34":1,"35":33,"36":1,"37":1,"38":1,"39":1,"40":33,"41":29,"42":33,"43":33,"44":3,"45":6,"46":33,"47":0,"48":0,"49":33,"50":1,"51":2,"52":32,"53":0,"54":0,"55":33,"56":0,"57":0,"58":0,"59":0,"60":0,"61":0,"62":0,"63":0,"64":0,"65":0,"66":33,"67":61,"68":33,"69":32,"70":33,"71":1,"72":32,"73":2,"74":2,"75":32,"76":1,"77":61,"78":61,"79":2,"80":32,"81":60,"82":60,"83":2,"84":2,"85":1,"86":1},"f":{"0":33,"1":61,"2":61,"3":2,"4":1,"5":1,"6":2,"7":1,"8":1,"9":1,"10":29,"11":6,"12":0,"13":2,"14":0,"15":0,"16":61,"17":32,"18":2,"19":32,"20":1,"21":61,"22":61,"23":2,"24":32,"25":60,"26":60,"27":2,"28":2,"29":1,"30":1},"b":{"0":[61,61],"1":[1,0],"2":[1,0],"3":[3,30],"4":[6,6],"5":[0,33],"6":[1,32],"7":[0,32],"8":[0,0],"9":[1,32],"10":[61,61],"11":[31,29],"12":[4,56],"13":[60,54],"14":[4,56],"15":[4,3],"16":[31,25],"17":[31,25],"18":[60,29]},"_coverageSchema":"1a1c01bbd47fc00a2c39e90264f33305004495a9","hash":"1962f0717daa9786c629fe69c522623f30d74807"}
,"C:\\Users\\GIGABYTE\\todo_app\\frontend\\src\\hooks\\useTasks.ts": {"path":"C:\\Users\\GIGABYTE\\todo_app\\frontend\\src\\hooks\\useTasks.ts","statementMap":{"0":{"start":{"line":5,"column":24},"end":{"line":44,"column":1}},"1":{"start":{"line":6,"column":22},"end":{"line":6,"column":38}},"2":{"start":{"line":8,"column":40},"end":{"line":11,"column":4}},"3":{"start":{"line":14,"column":22},"end":{"line":17,"column":4}},"4":{"start":{"line":15,"column":44},"end":{"line":15,"column":65}},"5":{"start":{"line":16,"column":21},"end":{"line":16,"column":75}},"6":{"start":{"line":20,"column":25},"end":{"line":23,"column":4}},"7":{"start":{"line":21,"column":32},"end":{"line":21,"column":56}},"8":{"start":{"line":22,"column":21},"end":{"line":22,"column":75}},"9":{"start":{"line":26,"column":25},"end":{"line":29,"column":4}},"10":{"start":{"line":27,"column":32},"end":{"line":27,"column":54}},"11":{"start":{"line":28,"column":21},"end":{"line":28,"column":75}},"12":{"start":{"line":30,"column":18},"end":{"line":33,"column":4}},"13":{"start":{"line":31,"column":22},"end":{"line":31,"column":40}},"14":{"start":{"line":32,"column":21},"end":{"line":32,"column":75}},"15":{"start":{"line":34,"column":2},"end":{"line":43,"column":4}}},"fnMap":{"0":{"name":"(anonymous_0)","decl":{"start":{"line":5,"column":24},"end":{"line":5,"column":25}},"loc":{"start":{"line":5,"column":30},"end":{"line":44,"column":1}},"line":5},"1":{"name":"(anonymous_1)","decl":{"start":{"line":15,"column":16},"end":{"line":15,"column":17}},"loc":{"start":{"line":15,"column":44},"end":{"line":15,"column":65}},"line":15},"2":{"name":"(anonymous_2)","decl":{"start":{"line":16,"column":15},"end":{"line":16,"column":16}},"loc":{"start":{"line":16,"column":21},"end":{"line":16,"column":75}},"line":16},"3":{"name":"(anonymous_3)","decl":{"start":{"line":21,"column":16},"end":{"line":21,"column":17}},"loc":{"start":{"line":21,"column":32},"end":{"line":21,"column":56}},"line":21},"4":{"name":"(anonymous_4)","decl":{"start":{"line":22,"column":15},"end":{"line":22,"column":16}},"loc":{"start":{"line":22,"column":21},"end":{"line":22,"column":75}},"line":22},"5":{"name":"(anonymous_5)","decl":{"start":{"line":27,"column":16},"end":{"line":27,"column":17}},"loc":{"start":{"line":27,"column":32},"end":{"line":27,"column":54}},"line":27},"6":{"name":"(anonymous_6)","decl":{"start":{"line":28,"column":15},"end":{"line":28,"column":16}},"loc":{"start":{"line":28,"column":21},"end":{"line":28,"column":75}},"line":28},"7":{"name":"(anonymous_7)","decl":{"start":{"line":31,"column":16},"end":{"line":31,"column":17}},"loc":{"start":{"line":31,"column":22},"end":{"line":31,"column":40}},"line":31},"8":{"name":"(anonymous_8)","decl":{"start":{"line":32,"column":15},"end":{"line":32,"column":16}},"loc":{"start":{"line":32,"column":21},"end":{"line":32,"column":75}},"line":32}},"branchMap":{"0":{"loc":{"start":{"line":8,"column":16},"end":{"line":8,"column":26}},"type":"default-arg","locations":[{"start":{"line":8,"column":24},"end":{"line":8,"column":26}}],"line":8},"1":{"loc":{"start":{"line":41,"column":15},"end":{"line":41,"column":113}},"type":"binary-expr","locations":[{"start":{"line":41,"column":15},"end":{"line":41,"column":36}},{"start":{"line":41,"column":40},"end":{"line":41,"column":64}},{"start":{"line":41,"column":68},"end":{"line":41,"column":92}},{"start":{"line":41,"column":96},"end":{"line":41,"column":113}}],"line":41}},"s":{"0":1,"1":8,"2":8,"3":8,"4":1,"5":1,"6":8,"7":2,"8":2,"9":8,"10":1,"11":1,"12":8,"13":0,"14":0,"15":8},"f":{"0":8,"1":1,"2":1,"3":2,"4":2,"5":1,"6":1,"7":0,"8":0},"b":{"0":[5],"1":[8,8,8,8]},"_coverageSchema":"1a1c01bbd47fc00a2c39e90264f33305004495a9","hash":"196343c1cff24978549bfbd47992d2f22338c6b9"}
,"C:\\Users\\GIGABYTE\\todo_app\\frontend\\src\\services\\api.ts": {"path":"C:\\Users\\GIGABYTE\\todo_app\\frontend\\src\\services\\api.ts","statementMap":{"0":{"start":{"line":4,"column":19},"end":{"line":4,"column":31}},"1":{"start":{"line":6,"column":24},"end":{"line":9,"column":1}},"2":{"start":{"line":7,"column":19},"end":{"line":7,"column":46}},"3":{"start":{"line":8,"column":2},"end":{"line":8,"column":23}},"4":{"start":{"line":11,"column":23},"end":{"line":19,"column":1}},"5":{"start":{"line":12,"column":2},"end":{"line":12,"column":42}},"6":{"start":{"line":13,"column":19},"end":{"line":17,"column":4}},"7":{"start":{"line":18,"column":2},"end":{"line":18,"column":23}},"8":{"start":{"line":21,"column":26},"end":{"line":24,"column":1}},"9":{"start":{"line":22,"column":19},"end":{"line":22,"column":68}},"10":{"start":{"line":23,"column":2},"end":{"line":23,"column":23}},"11":{"start":{"line":26,"column":26},"end":{"line":28,"column":1}},"12":{"start":{"line":27,"column":2},"end":{"line":27,"column":44}}},"fnMap":{"0":{"name":"(anonymous_0)","decl":{"start":{"line":6,"column":24},"end":{"line":6,"column":25}},"loc":{"start":{"line":6,"column":53},"end":{"line":9,"column":1}},"line":6},"1":{"name":"(anonymous_1)","decl":{"start":{"line":11,"column":23},"end":{"line":11,"column":24}},"loc":{"start":{"line":11,"column":72},"end":{"line":19,"column":1}},"line":11},"2":{"name":"(anonymous_2)","decl":{"start":{"line":21,"column":26},"end":{"line":21,"column":27}},"loc":{"start":{"line":21,"column":63},"end":{"line":24,"column":1}},"line":21},"3":{"name":"(anonymous_3)","decl":{"start":{"line":26,"column":26},"end":{"line":26,"column":27}},"loc":{"start":{"line":26,"column":63},"end":{"line":28,"column":1}},"line":26}},"branchMap":{},"s":{"0":3,"1":3,"2":1,"3":1,"4":3,"5":1,"6":1,"7":1,"8":3,"9":1,"10":1,"11":3,"12":1},"f":{"0":1,"1":1,"2":1,"3":1},"b":{},"_coverageSchema":"1a1c01bbd47fc00a2c39e90264f33305004495a9","hash":"5fd3fecbc3b86e93e149b3c1882d6916de6104a3"}
,"C:\\Users\\GIGABYTE\\todo_app\\frontend\\src\\services\\auth.ts": {"path":"C:\\Users\\GIGABYTE\\todo_app\\frontend\\src\\services\\auth.ts","statementMap":{"0":{"start":{"line":3,"column":16},"end":{"line":3,"column":27}},"1":{"start":{"line":5,"column":22},"end":{"line":19,"column":1}},"2":{"start":{"line":12,"column":2},"end":{"line":18,"column":5}},"3":{"start":{"line":21,"column":21},"end":{"line":23,"column":1}},"4":{"start":{"line":22,"column":2},"end":{"line":22,"column":61}}},"fnMap":{"0":{"name":"(anonymous_0)","decl":{"start":{"line":5,"column":22},"end":{"line":5,"column":23}},"loc":{"start":{"line":11,"column":5},"end":{"line":19,"column":1}},"line":11},"1":{"name":"(anonymous_1)","decl":{"start":{"line":21,"column":21},"end":{"line":21,"column":22}},"loc":{"start":{"line":21,"column":64},"end":{"line":23,"column":1}},"line":21}},"branchMap":{},"s":{"0":2,"1":2,"2":1,"3":2,"4":1},"f":{"0":1,"1":1},"b":{},"_coverageSchema":"1a1c01bbd47fc00a2c39e90264f33305004495a9","hash":"c2b5acd12c774e629ac262eb3456760e80db5e1b"}
}
