TN:
SF:src\App.tsx
FN:25,(anonymous_0)
FN:35,(anonymous_1)
FN:39,(anonymous_2)
FN:43,(anonymous_3)
FN:49,(anonymous_4)
FN:53,(anonymous_5)
FN:57,(anonymous_6)
FN:65,(anonymous_7)
FN:75,(anonymous_8)
FN:131,(anonymous_9)
FN:147,(anonymous_10)
FN:148,(anonymous_11)
FN:149,(anonymous_12)
FNF:13
FNH:8
FNDA:33,(anonymous_0)
FNDA:22,(anonymous_1)
FNDA:7,(anonymous_2)
FNDA:1,(anonymous_3)
FNDA:2,(anonymous_4)
FNDA:1,(anonymous_5)
FNDA:1,(anonymous_6)
FNDA:8,(anonymous_7)
FNDA:0,(anonymous_8)
FNDA:0,(anonymous_9)
FNDA:0,(anonymous_10)
FNDA:0,(anonymous_11)
FNDA:0,(anonymous_12)
DA:25,1
DA:26,33
DA:27,33
DA:28,33
DA:29,33
DA:30,33
DA:31,33
DA:32,33
DA:35,33
DA:36,22
DA:37,8
DA:40,7
DA:41,7
DA:44,1
DA:49,33
DA:50,2
DA:53,33
DA:54,1
DA:57,33
DA:58,1
DA:59,1
DA:60,1
DA:61,1
DA:62,1
DA:65,33
DA:66,8
DA:67,8
DA:70,33
DA:71,14
DA:82,19
DA:131,0
DA:147,0
DA:148,0
DA:149,0
LF:34
LH:30
BRDA:36,0,0,8
BRDA:36,0,1,14
BRDA:70,1,0,14
BRDA:70,1,1,19
BRDA:136,2,0,4
BRDA:136,2,1,15
BRDA:140,3,0,12
BRDA:140,3,1,3
BRDA:146,4,0,3
BRDA:146,4,1,0
BRF:10
BRH:9
end_of_record
TN:
SF:src\components\AddTask.tsx
FN:20,(anonymous_0)
FN:22,(anonymous_1)
FN:26,(anonymous_2)
FN:30,(anonymous_3)
FN:38,(anonymous_4)
FN:72,(anonymous_5)
FN:91,(anonymous_6)
FNF:7
FNH:7
FNDA:40,(anonymous_0)
FNDA:16,(anonymous_1)
FNDA:3,(anonymous_2)
FNDA:2,(anonymous_3)
FNDA:3,(anonymous_4)
FNDA:6,(anonymous_5)
FNDA:4,(anonymous_6)
DA:20,2
DA:21,40
DA:22,40
DA:23,40
DA:25,40
DA:27,3
DA:28,2
DA:31,2
DA:32,2
DA:33,2
DA:38,40
DA:39,3
DA:40,3
DA:41,3
DA:49,40
DA:51,40
DA:72,6
DA:91,4
LF:18
LH:18
BRDA:40,0,0,0
BRDA:40,0,1,3
BRDA:49,1,0,40
BRDA:49,1,1,10
BRDA:49,1,2,9
BRDA:105,2,0,0
BRDA:105,2,1,40
BRDA:113,3,0,40
BRDA:113,3,1,1
BRF:9
BRH:7
end_of_record
TN:
SF:src\components\Login.tsx
FN:20,(anonymous_0)
FN:29,(anonymous_1)
FN:33,(anonymous_2)
FN:92,(anonymous_3)
FN:92,(anonymous_4)
FNF:5
FNH:5
FNDA:13,(anonymous_0)
FNDA:4,(anonymous_1)
FNDA:2,(anonymous_2)
FNDA:2,(anonymous_3)
FNDA:2,(anonymous_4)
DA:20,1
DA:21,13
DA:25,13
DA:26,13
DA:27,13
DA:29,13
DA:30,4
DA:33,13
DA:34,2
DA:35,2
DA:36,2
DA:37,2
DA:38,1
DA:40,1
DA:44,13
DA:92,2
LF:16
LH:16
BRDA:81,0,0,1
BRDA:81,0,1,12
BRDA:96,1,0,1
BRDA:96,1,1,12
BRDA:102,2,0,13
BRDA:102,2,1,2
BRF:6
BRH:6
end_of_record
TN:
SF:src\components\TaskList.tsx
FN:44,(anonymous_0)
FN:64,(anonymous_1)
FN:66,(anonymous_2)
FN:69,(anonymous_3)
FN:74,(anonymous_4)
FN:86,(anonymous_5)
FN:91,(anonymous_6)
FN:97,(anonymous_7)
FN:108,(anonymous_8)
FN:113,(anonymous_9)
FN:123,(anonymous_10)
FN:128,(anonymous_11)
FN:131,(anonymous_12)
FN:136,(anonymous_13)
FN:138,(anonymous_14)
FN:142,(anonymous_15)
FN:161,(anonymous_16)
FN:162,(anonymous_17)
FN:181,(anonymous_18)
FN:195,(anonymous_19)
FN:205,(anonymous_20)
FN:213,(anonymous_21)
FN:214,(anonymous_22)
FN:224,(anonymous_23)
FN:246,(anonymous_24)
FN:248,(anonymous_25)
FN:250,(anonymous_26)
FN:272,(anonymous_27)
FN:277,(anonymous_28)
FN:295,(anonymous_29)
FN:306,(anonymous_30)
FNF:31
FNH:28
FNDA:33,(anonymous_0)
FNDA:61,(anonymous_1)
FNDA:61,(anonymous_2)
FNDA:2,(anonymous_3)
FNDA:1,(anonymous_4)
FNDA:1,(anonymous_5)
FNDA:2,(anonymous_6)
FNDA:1,(anonymous_7)
FNDA:1,(anonymous_8)
FNDA:1,(anonymous_9)
FNDA:29,(anonymous_10)
FNDA:6,(anonymous_11)
FNDA:0,(anonymous_12)
FNDA:2,(anonymous_13)
FNDA:0,(anonymous_14)
FNDA:0,(anonymous_15)
FNDA:61,(anonymous_16)
FNDA:32,(anonymous_17)
FNDA:2,(anonymous_18)
FNDA:32,(anonymous_19)
FNDA:1,(anonymous_20)
FNDA:61,(anonymous_21)
FNDA:61,(anonymous_22)
FNDA:2,(anonymous_23)
FNDA:32,(anonymous_24)
FNDA:60,(anonymous_25)
FNDA:60,(anonymous_26)
FNDA:2,(anonymous_27)
FNDA:2,(anonymous_28)
FNDA:1,(anonymous_29)
FNDA:1,(anonymous_30)
DA:44,2
DA:56,33
DA:57,33
DA:58,33
DA:61,33
DA:62,33
DA:64,61
DA:65,33
DA:66,61
DA:69,33
DA:70,2
DA:71,2
DA:74,33
DA:75,1
DA:76,1
DA:77,1
DA:78,1
DA:79,1
DA:81,1
DA:86,33
DA:87,1
DA:91,33
DA:92,2
DA:93,2
DA:97,33
DA:98,1
DA:99,1
DA:100,1
DA:101,1
DA:102,1
DA:103,1
DA:108,33
DA:109,1
DA:110,1
DA:113,33
DA:114,1
DA:115,1
DA:116,1
DA:118,1
DA:123,33
DA:126,33
DA:127,33
DA:128,6
DA:130,33
DA:131,0
DA:135,33
DA:136,2
DA:137,32
DA:138,0
DA:142,33
DA:143,0
DA:144,0
DA:145,0
DA:146,0
DA:149,0
DA:150,0
DA:154,0
DA:157,0
DA:161,61
DA:162,33
DA:164,33
DA:165,1
DA:174,32
DA:182,2
DA:183,2
DA:196,32
DA:205,1
DA:213,61
DA:215,61
DA:224,2
DA:247,32
DA:249,60
DA:251,60
DA:272,2
DA:277,2
DA:295,1
DA:306,1
LF:77
LH:67
BRDA:66,0,0,61
BRDA:66,0,1,61
BRDA:75,1,0,1
BRDA:75,1,1,0
BRDA:98,2,0,1
BRDA:98,2,1,0
BRDA:127,3,0,3
BRDA:127,3,1,30
BRDA:128,4,0,6
BRDA:128,4,1,6
BRDA:130,5,0,0
BRDA:130,5,1,33
BRDA:135,6,0,1
BRDA:135,6,1,32
BRDA:137,7,0,0
BRDA:137,7,1,32
BRDA:143,8,0,0
BRDA:143,8,1,0
BRDA:164,9,0,1
BRDA:164,9,1,32
BRDA:213,10,0,61
BRDA:213,10,1,61
BRDA:258,11,0,31
BRDA:258,11,1,29
BRDA:265,12,0,4
BRDA:265,12,1,56
BRDA:297,13,0,60
BRDA:297,13,1,54
BRDA:299,14,0,4
BRDA:299,14,1,56
BRDA:314,15,0,4
BRDA:314,15,1,3
BRDA:335,16,0,31
BRDA:335,16,1,25
BRDA:336,17,0,31
BRDA:336,17,1,25
BRDA:346,18,0,60
BRDA:346,18,1,29
BRF:38
BRH:32
end_of_record
TN:
SF:src\hooks\useTasks.ts
FN:5,(anonymous_0)
FN:15,(anonymous_1)
FN:16,(anonymous_2)
FN:21,(anonymous_3)
FN:22,(anonymous_4)
FN:27,(anonymous_5)
FN:28,(anonymous_6)
FN:31,(anonymous_7)
FN:32,(anonymous_8)
FNF:9
FNH:7
FNDA:8,(anonymous_0)
FNDA:1,(anonymous_1)
FNDA:1,(anonymous_2)
FNDA:2,(anonymous_3)
FNDA:2,(anonymous_4)
FNDA:1,(anonymous_5)
FNDA:1,(anonymous_6)
FNDA:0,(anonymous_7)
FNDA:0,(anonymous_8)
DA:5,1
DA:6,8
DA:8,8
DA:14,8
DA:15,1
DA:16,1
DA:20,8
DA:21,2
DA:22,2
DA:26,8
DA:27,1
DA:28,1
DA:30,8
DA:31,0
DA:32,0
DA:34,8
LF:16
LH:14
BRDA:8,0,0,5
BRDA:41,1,0,8
BRDA:41,1,1,8
BRDA:41,1,2,8
BRDA:41,1,3,8
BRF:5
BRH:5
end_of_record
TN:
SF:src\services\api.ts
FN:6,(anonymous_0)
FN:11,(anonymous_1)
FN:21,(anonymous_2)
FN:26,(anonymous_3)
FNF:4
FNH:4
FNDA:1,(anonymous_0)
FNDA:1,(anonymous_1)
FNDA:1,(anonymous_2)
FNDA:1,(anonymous_3)
DA:4,3
DA:6,3
DA:7,1
DA:8,1
DA:11,3
DA:12,1
DA:13,1
DA:18,1
DA:21,3
DA:22,1
DA:23,1
DA:26,3
DA:27,1
LF:13
LH:13
BRF:0
BRH:0
end_of_record
TN:
SF:src\services\auth.ts
FN:5,(anonymous_0)
FN:21,(anonymous_1)
FNF:2
FNH:2
FNDA:1,(anonymous_0)
FNDA:1,(anonymous_1)
DA:3,2
DA:5,2
DA:12,1
DA:21,2
DA:22,1
LF:5
LH:5
BRF:0
BRH:0
end_of_record
